<?xml version="1.0" encoding="UTF-8"?>
<robot generator="Robot 7.4.1 (Python 3.13.5 on win32)" generated="2026-01-31T17:57:18.022410" rpa="false" schemaversion="5">
<suite id="s1" name="Integration Test" source="C:\Users\Telstra\PycharmProjects\jen_test\robot_tests\integration_test.robot">
<test id="s1-t1" name="Run PyTest From Robot" line="6">
<kw name="Run Pytest">
<msg time="2026-01-31T17:57:18.054939" level="FAIL">No keyword with name 'Run Pytest' found.</msg>
<var>${status}</var>
<arg>pytest_tests</arg>
<status status="FAIL" start="2026-01-31T17:57:18.054903" elapsed="0.000079">No keyword with name 'Run Pytest' found.</status>
</kw>
<kw name="Should Be True" owner="BuiltIn">
<arg>${status}</arg>
<doc>Fails if the given condition is not true.</doc>
<status status="NOT RUN" start="2026-01-31T17:57:18.055373" elapsed="0.000025"/>
</kw>
<status status="FAIL" start="2026-01-31T17:57:18.053807" elapsed="0.001877">No keyword with name 'Run Pytest' found.</status>
</test>
<status status="FAIL" start="2026-01-31T17:57:18.023388" elapsed="0.033680"/>
</suite>
<statistics>
<total>
<stat pass="0" fail="1" skip="0">All Tests</stat>
</total>
<tag>
</tag>
<suite>
<stat name="Integration Test" id="s1" pass="0" fail="1" skip="0">Integration Test</stat>
</suite>
</statistics>
<errors>
<msg time="2026-01-31T17:57:18.052121" level="WARN">Imported library 'C:\Users\Telstra\PycharmProjects\jen_test\libraries\pytest_runner.py' contains no keywords.</msg>
</errors>
</robot>
