<?xml version="1.0" encoding="UTF-8"?>
<robot generator="Robot 7.4.1 (Python 3.13.5 on win32)" generated="2026-01-31T19:00:40.716208" rpa="false" schemaversion="5">
<suite id="s1" name="Integration Test" source="C:\Users\Telstra\PycharmProjects\jen_test\robot_tests\integration_test.robot">
<test id="s1-t1" name="Run PyTest From Robot" line="6">
<kw name="Log" owner="BuiltIn">
<msg time="2026-01-31T19:00:40.746735" level="INFO">Hello</msg>
<arg>Hello</arg>
<doc>Logs the given message with the given level.</doc>
<status status="PASS" start="2026-01-31T19:00:40.746484" elapsed="0.000304"/>
</kw>
<status status="PASS" start="2026-01-31T19:00:40.745532" elapsed="0.001688"/>
</test>
<status status="PASS" start="2026-01-31T19:00:40.717169" elapsed="0.031400"/>
</suite>
<statistics>
<total>
<stat pass="1" fail="0" skip="0">All Tests</stat>
</total>
<tag>
</tag>
<suite>
<stat name="Integration Test" id="s1" pass="1" fail="0" skip="0">Integration Test</stat>
</suite>
</statistics>
<errors>
<msg time="2026-01-31T19:00:40.744193" level="WARN">Imported library 'C:\Users\Telstra\PycharmProjects\jen_test\libraries\pytest_runner.py' contains no keywords.</msg>
</errors>
</robot>
